<?xml version="1.0" encoding="UTF-8"?>
<testsuite xmlns:xsi="http://www.w3.org/2001/XMLSchema-instance" xsi:noNamespaceSchemaLocation="https://maven.apache.org/surefire/maven-surefire-plugin/xsd/surefire-test-report.xsd" version="3.0.2" name="TaskEventConsumerTest" time="1.172" tests="1" errors="0" skipped="0" failures="0">
  <properties>
[...]
</properties>
  <testcase name="testConsume" classname="TaskEventConsumerTest" time="1.121">
    <system-out><![CDATA[00:01:15.023 [main] INFO com.example.notificationservice.kafka.TaskEventConsumer -- Received Task Event: TaskEvent(taskId=1, title=Test Task, action=CREATED, emailId=test@example.com)
]]></system-out>
  </testcase>
</testsuite>